<?xml version="1.0" encoding="UTF-8"?>
<!-- Generated by org.testng.reporters.JUnitReportReporter -->
<testsuite hostname="DESKTOP-7VF61CC" failures="0" tests="2" name="saucedemosampletest.SauceDemoUITest" time="64.227" errors="0" timestamp="02 Oct 2024 22:14:33 GMT" skipped="0">
  <testcase classname="saucedemosampletest.SauceDemoUITest" name="verifySortingByNameA_Z" time="22.221"/>
  <testcase classname="saucedemosampletest.SauceDemoUITest" name="verifySortingByNameZ_A" time="42.006"/>
</testsuite> <!-- saucedemosampletest.SauceDemoUITest -->
